0 info it worked if it ends with ok
1 verbose cli [ '/usr/bin/nodejs', '/usr/bin/npm', 'install', 'jsbeautifier' ]
2 info using npm@1.3.10
3 info using node@v0.10.25
4 verbose cache add [ 'jsbeautifier', null ]
5 verbose cache add name=undefined spec="jsbeautifier" args=["jsbeautifier",null]
6 verbose parsed url { protocol: null,
6 verbose parsed url   slashes: null,
6 verbose parsed url   auth: null,
6 verbose parsed url   host: null,
6 verbose parsed url   port: null,
6 verbose parsed url   hostname: null,
6 verbose parsed url   hash: null,
6 verbose parsed url   search: null,
6 verbose parsed url   query: null,
6 verbose parsed url   pathname: 'jsbeautifier',
6 verbose parsed url   path: 'jsbeautifier',
6 verbose parsed url   href: 'jsbeautifier' }
7 silly lockFile 1b70bc6d-jsbeautifier jsbeautifier
8 verbose lock jsbeautifier /home/abram/.npm/1b70bc6d-jsbeautifier.lock
9 silly lockFile 1b70bc6d-jsbeautifier jsbeautifier
10 silly lockFile 1b70bc6d-jsbeautifier jsbeautifier
11 verbose addNamed [ 'jsbeautifier', '' ]
12 verbose addNamed [ null, '*' ]
13 silly lockFile b33d8ba1-jsbeautifier jsbeautifier@
14 verbose lock jsbeautifier@ /home/abram/.npm/b33d8ba1-jsbeautifier.lock
15 silly addNameRange { name: 'jsbeautifier', range: '*', hasData: false }
16 verbose url raw jsbeautifier
17 verbose url resolving [ 'https://registry.npmjs.org/', './jsbeautifier' ]
18 verbose url resolved https://registry.npmjs.org/jsbeautifier
19 info trying registry request attempt 1 at 19:21:43
20 http GET https://registry.npmjs.org/jsbeautifier
21 http 404 https://registry.npmjs.org/jsbeautifier
22 silly registry.get cb [ 404,
22 silly registry.get   { server: 'CouchDB/1.5.0 (Erlang OTP/R16B03)',
22 silly registry.get     'content-type': 'application/json',
22 silly registry.get     'cache-control': 'max-age=0',
22 silly registry.get     'content-length': '51',
22 silly registry.get     'accept-ranges': 'bytes',
22 silly registry.get     date: 'Sun, 31 May 2015 23:21:33 GMT',
22 silly registry.get     via: '1.1 varnish',
22 silly registry.get     age: '0',
22 silly registry.get     connection: 'keep-alive',
22 silly registry.get     'x-served-by': 'cache-iad2127-IAD',
22 silly registry.get     'x-cache': 'MISS',
22 silly registry.get     'x-cache-hits': '0',
22 silly registry.get     'x-timer': 'S1433114493.538983,VS0,VE370' } ]
23 silly lockFile b33d8ba1-jsbeautifier jsbeautifier@
24 silly lockFile b33d8ba1-jsbeautifier jsbeautifier@
25 error 404 'jsbeautifier' is not in the npm registry.
25 error 404 You should bug the author to publish it
25 error 404
25 error 404 Note that you can also install from a
25 error 404 tarball, folder, or http url, or git url.
26 error System Linux 3.13.0-52-generic
27 error command "/usr/bin/nodejs" "/usr/bin/npm" "install" "jsbeautifier"
28 error cwd /home/abram/prog/github/abeconnelly/scratch/ga4gh/ga4gh-reference-server
29 error node -v v0.10.25
30 error npm -v 1.3.10
31 error code E404
32 verbose exit [ 1, true ]
