/data-sde/scripts/convert/stage.okg /data-sde/scripts/convert
NA06984-GS000017231-ASM
su92l-4zz18-4d0wjwbfhpixt4u
NA06989-GS000017234-ASM
su92l-4zz18-e9q9fear41rsdvc
NA06994-GS000012110-ASM
su92l-4zz18-hcvn3bemlcvtdcu
NA07000-GS000016078-ASM
su92l-4zz18-wqevcqakmgtcp4z
NA07029-GS000013213-ASM
su92l-4zz18-u9fwh1aaxrjaw3c
NA07346-GS000012113-ASM
su92l-4zz18-q88uq5bsoi3h6o1
NA07347-GS000012580-ASM
su92l-4zz18-twz8xkkz95xl5vv
NA07349-GS000012109-ASM
su92l-4zz18-c8a8adcwc17frb9
NA10831-GS000016048-ASM
su92l-4zz18-oy5bsln31sgipjm
NA10837-GS000016047-ASM
su92l-4zz18-01puhugi0pjv0s8
NA10838-GS000016046-ASM
su92l-4zz18-t00p2znvvq7plrb
NA10839-GS000016380-ASM
su92l-4zz18-zb7w4le1x1oeln5
NA10840-GS000016542-ASM
su92l-4zz18-dzin7ie57py2gy0
NA10843-GS000016541-ASM
su92l-4zz18-d0vbij47wwsjrag
NA10845-GS000016540-ASM
su92l-4zz18-sfe7osxbdfl3a5b
NA10852-GS000016045-ASM
su92l-4zz18-zmhp1rk2bbjead8
NA10855-GS000016539-ASM
su92l-4zz18-yb6kbaoucdy805w
NA10856-GS000016538-ASM
su92l-4zz18-ndvc289739nmvhy
NA10861-GS000016044-ASM
su92l-4zz18-a1vlpot7ornfj7b
NA10864-GS000016043-ASM
su92l-4zz18-1sjkb4t24hbe7m3
NA11829-GS000016042-ASM
su92l-4zz18-7e1imn3lo8e09qj
NA11830-GS000016041-ASM
su92l-4zz18-2cziblusbgjyirr
NA11831-GS000016040-ASM
su92l-4zz18-xb1x1f6wlnlzak8
NA11832-GS000016039-ASM
su92l-4zz18-qlcmkk650ozd9yz
NA11893-GS000016537-ASM
su92l-4zz18-4vrkl0472essd1a
NA11894-GS000016470-ASM
su92l-4zz18-ewhzmzd2lbg2roa
NA11919-GS000016038-ASM
su92l-4zz18-ksye67xdbv4syx1
NA11920-GS000016037-ASM
su92l-4zz18-eo8uspgpkfaae3p
NA11930-GS000016036-ASM
su92l-4zz18-yd06rgcz6lel3lm
NA11931-GS000016469-ASM
su92l-4zz18-s7azdvrz2pkt2xj
NA11994-GS000016468-ASM
su92l-4zz18-aucfrvnk2z6wt0r
NA11995-GS000016467-ASM
su92l-4zz18-czozbipecx0g8uc
NA12003-GS000016035-ASM
su92l-4zz18-429s738kuff1cn7
NA12004-GS000016034-ASM
su92l-4zz18-jjmkbms92pkubrj
NA12005-GS000016466-ASM
su92l-4zz18-90kfzybptc41nug
NA12006-GS000016465-ASM
su92l-4zz18-kbbdy08us12hz8b
NA12045-GS000016033-ASM
su92l-4zz18-yo7c5zt3bj5zr53
NA12046-GS000016022-ASM
su92l-4zz18-gm4h8cfe119vbgh
NA12155-GS000016021-ASM
su92l-4zz18-twd23y9or0kzk37
NA12156-GS000016020-ASM
su92l-4zz18-dtpd53q7cfnjov8
NA12272-GS000016019-ASM
su92l-4zz18-x1hw00zi12vl6gm
NA12273-GS000016464-ASM
su92l-4zz18-sybpjksv4wcdxox
NA12286-GS000016463-ASM
su92l-4zz18-i0vqupzmd2wpiqf
NA12287-GS000016462-ASM
su92l-4zz18-5xe7mjutodyb3cz
NA12329-GS000017106-ASM
su92l-4zz18-nezxi9qhvvpztqz
NA12335-GS000016018-ASM
su92l-4zz18-3hw1zj2fzqilfdm
NA12340-GS000016461-ASM
su92l-4zz18-xqg8i59r2yflrzq
NA12341-GS000016017-ASM
su92l-4zz18-am9kc23v2ok3sfu
NA12344-GS000016026-ASM
su92l-4zz18-46oiqwnjt8ynwk1
NA12347-GS000016025-ASM
su92l-4zz18-7cgodsk2jxtbl1c
NA12348-GS000017242-ASM
su92l-4zz18-jheut5gsmn4abjd
NA12376-GS000016460-ASM
su92l-4zz18-0ef8mdopycllyc8
NA12386-GS000016459-ASM
su92l-4zz18-6pxziutamoyyplj
NA12399-GS000016458-ASM
su92l-4zz18-ua7d2hm86d6i4rn
NA12400-GS000016011-ASM
su92l-4zz18-r9obkp0m3l6p3et
NA12413-GS000016457-ASM
su92l-4zz18-iepvqqo05zcd48e
NA12414-GS000016417-ASM
su92l-4zz18-kjyrmmuvnbpni2p
NA12485-GS000016404-ASM
su92l-4zz18-kn8xepk2jay2mub
NA12489-GS000016403-ASM
su92l-4zz18-hr6zer5r6lv2fql
NA12546-GS000016402-ASM
su92l-4zz18-b89e7fvtky3l7i1
NA12707-GS000016401-ASM
su92l-4zz18-ochx0fv5npx4bvy
NA12716-GS000017241-ASM
su92l-4zz18-xjjcgsfi085t80p
NA12717-GS000016416-ASM
su92l-4zz18-q28po9n13z5xlhw
NA12740-GS000016400-ASM
su92l-4zz18-jsoa6ggi4jof5db
NA12750-GS000016415-ASM
su92l-4zz18-xvwbplx2m2jbdw0
NA12751-GS000016414-ASM
su92l-4zz18-j0kl0zusbjow0hj
NA12752-GS000016413-ASM
su92l-4zz18-3ewxbe6dk3rqjnz
NA12753-GS000016412-ASM
su92l-4zz18-q28yxnir8hukkf5
NA12760-GS000016411-ASM
su92l-4zz18-g2dweczw6421mk4
NA12761-GS000016399-ASM
su92l-4zz18-h8ptlcqe4ht0oxm
NA12762-GS000016410-ASM
su92l-4zz18-nqcps5l3obcpk64
NA12763-GS000016398-ASM
su92l-4zz18-4uqxdpig5dr9dnh
NA12766-GS000016409-ASM
su92l-4zz18-ac9pty3uxjfr2o7
NA12767-GS000016408-ASM
su92l-4zz18-v8kh8p6n94gez7v
NA12775-GS000016397-ASM
su92l-4zz18-4cdzt20qkvk21t9
NA12776-GS000016396-ASM
su92l-4zz18-hfca8efshzm6lkp
NA12777-GS000016395-ASM
su92l-4zz18-232n4dsyylyogfo
NA12778-GS000016456-ASM
su92l-4zz18-oxdc42z6lupns4l
NA12801-GS000016407-ASM
su92l-4zz18-jx4fzq33eayqu2x
NA12802-GS000016406-ASM
su92l-4zz18-ofqedf01rfitufh
NA12812-GS000016405-ASM
su92l-4zz18-tuhhbyzyxpijs0i
NA12813-GS000016394-ASM
su92l-4zz18-jgfjwdq2qzsff1h
NA12814-GS000016393-ASM
su92l-4zz18-5m7a85uu1nd0sre
NA12815-GS000016383-ASM
su92l-4zz18-iyol89ma8rcsomi
NA12817-GS000016418-ASM
su92l-4zz18-ktuo49jepqy0kil
NA12818-GS000016392-ASM
su92l-4zz18-fi71jxp6y7xyhes
NA12827-GS000017240-ASM
su92l-4zz18-pstt0vvnl6drh1n
NA12828-GS000017899-ASM
su92l-4zz18-emrwh30j3gp8rsc
NA12829-GS000016704-ASM
su92l-4zz18-j8rdewe24qyy1go
NA12830-GS000017900-ASM
su92l-4zz18-t6lms9f7qxmth4r
NA12832-GS000016702-ASM
su92l-4zz18-jjw6a39u0k5fkwr
NA12842-GS000016701-ASM
su92l-4zz18-ms8ejqy8klezpbu
NA12843-GS000016700-ASM
su92l-4zz18-dv1356msp6gzoqn
NA12864-GS000016382-ASM
su92l-4zz18-xrl7tl58x4bh5m0
NA12872-GS000016381-ASM
su92l-4zz18-pfxz09vma9jr486
NA12873-GS000016699-ASM
su92l-4zz18-lpvws89tlcqhlns
NA18497-GS000017238-ASM
su92l-4zz18-6xoezx20v0fkomv
NA18498-GS000017237-ASM
su92l-4zz18-0oig8ctvj343ynn
NA18499-GS000017224-ASM
su92l-4zz18-zauvl8nu5kaf174
NA18500-GS000017223-ASM
su92l-4zz18-2p4o4q3frgltfkz
NA18501-GS000017371-ASM
su92l-4zz18-zrwkg3xag2u37ce
NA18502-GS000017172-ASM
su92l-4zz18-p6o2uijc0kryln7
NA18503-GS000017173-ASM
su92l-4zz18-hferx0gcoxhe5ya
NA18504-GS000017182-ASM
su92l-4zz18-3ml7678ri82y1hm
NA18505-GS000017185-ASM
su92l-4zz18-rsowxi7gd69ghlo
NA18506-GS000017030-ASM
su92l-4zz18-ysfypv6g0ys2lpw
NA18507-GS000017029-ASM
su92l-4zz18-ja0ymq9win0h1gx
NA18508-GS000017028-ASM
su92l-4zz18-r4zad64289czm57
NA18521-GS000017023-ASM
su92l-4zz18-cers0c7q9c2uooh
NA18522-GS000017026-ASM
su92l-4zz18-y1rz4msjyjvt0dj
NA18870-GS000017227-ASM
su92l-4zz18-1xodgpr64fcjkie
NA18871-GS000017226-ASM
su92l-4zz18-i8brjehyjao5jlm
NA18872-GS000017119-ASM
su92l-4zz18-pbphtp39larpfcu
NA18909-GS000017025-ASM
su92l-4zz18-kketpxnplry2txa
NA18911-GS000017024-ASM
su92l-4zz18-8yp3n7x0epg98v4
NA18916-GS000017022-ASM
su92l-4zz18-pksy69ik8m1oz47
NA18917-GS000017027-ASM
su92l-4zz18-imw06wbt0cnr7jy
NA18923-GS000017262-ASM
su92l-4zz18-tpf08sx0sv87spt
NA18924-GS000017261-ASM
su92l-4zz18-14utjyljp8jot29
NA18930-GS000017044-ASM
su92l-4zz18-j32seniertl96h5
NA18933-GS000017045-ASM
su92l-4zz18-ddcppxxgr5zsqdq
NA18934-GS000017046-ASM
su92l-4zz18-fqfxehrbzdt1ccy
NA18935-GS000017047-ASM
su92l-4zz18-fhqpb5vko25r7w1
NA19093-GS000017050-ASM
su92l-4zz18-h0tzhrfwixskt5f
NA19097-GS000017053-ASM
su92l-4zz18-ifezdni2a471dsn
NA19098-GS000017043-ASM
su92l-4zz18-ojv63s7gzn9h9yv
NA19100-GS000017041-ASM
su92l-4zz18-skfm8c10hkfmxk0
NA19107-GS000017040-ASM
su92l-4zz18-4hewwflqom6kb0s
NA19109-GS000017039-ASM
su92l-4zz18-0xuijoobokcrefm
NA19113-GS000017038-ASM
su92l-4zz18-633v9gbepn5i444
NA19114-GS000017037-ASM
su92l-4zz18-7peob9hmuqvwzmm
NA19115-GS000017036-ASM
su92l-4zz18-0plnvdixgq4qvez
NA19116-GS000017035-ASM
su92l-4zz18-glrx0ljgfqz16re
NA19117-GS000017051-ASM
su92l-4zz18-i0d8wwyfajmkni9
NA19118-GS000017034-ASM
su92l-4zz18-wv21h5htla0x9uy
NA19120-GS000017052-ASM
su92l-4zz18-5cciunivpuk5aft
NA19130-GS000017055-ASM
su92l-4zz18-rywe8qfda01enyj
NA19137-GS000017137-ASM
su92l-4zz18-nay63kajs9nu9m7
NA19138-GS000017189-ASM
su92l-4zz18-hoj6k60rl30mbcy
NA19139-GS000017188-ASM
su92l-4zz18-5v2195tq2kmjeqd
NA19143-GS000017054-ASM
su92l-4zz18-kyj2mycd3hsh4r0
NA19144-GS000017136-ASM
su92l-4zz18-akrvqa1nepnx59m
NA19145-GS000017133-ASM
su92l-4zz18-azsrqfw204teopu
NA19146-GS000017131-ASM
su92l-4zz18-vmk8vdo5r2bkr3x
NA19147-GS000018623-ASM
su92l-4zz18-prd6e92px84a1zm
NA19148-GS000018624-ASM
su92l-4zz18-5et2fm2qr5b8ic4
NA19152-GS000017413-ASM
su92l-4zz18-yq3bswhj3ynfp09
NA19153-GS000017412-ASM
su92l-4zz18-uqjxx78ezkgelba
NA19154-GS000017411-ASM
su92l-4zz18-8vxp02eij1scrgs
NA19159-GS000017410-ASM
su92l-4zz18-6chc4p6izzyud8q
NA19160-GS000017259-ASM
su92l-4zz18-0gletcgb0krdum6
NA19161-GS000017409-ASM
su92l-4zz18-kr8kr2hohpi5wky
NA19171-GS000017280-ASM
su92l-4zz18-spmap357vpjtg9q
NA19172-GS000017279-ASM
su92l-4zz18-ohlh8j8z15343pn
NA19173-GS000017257-ASM
su92l-4zz18-oxjyqahc3fp8xqi
NA19174-GS000017278-ASM
su92l-4zz18-8m1t4tbpdakqbmb
NA19186-GS000017260-ASM
su92l-4zz18-7d5sritr5xfgybl
NA19189-GS000017277-ASM
su92l-4zz18-q5sitteraggf3xo
NA19190-GS000017276-ASM
su92l-4zz18-s52p2uyyvw420i8
NA19191-GS000017275-ASM
su92l-4zz18-5kicfnlx0mrypf5
NA19200-GS000017898-ASM
su92l-4zz18-3scf9sskpmyxpf4
NA19201-GS000017244-ASM
su92l-4zz18-qo63jts5lcernbg
NA19202-GS000017174-ASM
su92l-4zz18-xdfv7g8q4kmozvb
NA19210-GS000017274-ASM
su92l-4zz18-xes4ykair9gd130
NA19211-GS000017273-ASM
su92l-4zz18-2ngx96g4g7yjq84
NA19221-GS000017272-ASM
su92l-4zz18-pj2341z4tdi4y6e
NA19222-GS000017270-ASM
su92l-4zz18-zlcp48izh127ass
NA19236-GS000017269-ASM
su92l-4zz18-91et62hd2qgaftl
NA19238-GS000017268-ASM
su92l-4zz18-8tizpcbm273ta2u
NA19239-GS000017267-ASM
su92l-4zz18-9kxnyqs283uffk4
NA19240-GS000018625-ASM
su92l-4zz18-v47tq5zjze4949b
NA19247-GS000017266-ASM
su92l-4zz18-18yxlhizjwxmgr1
NA19249-GS000017265-ASM
su92l-4zz18-ydo89nuzyswcay1
NA19256-GS000017258-ASM
su92l-4zz18-citywlgrsb5e2q1
NA19257-GS000017264-ASM
su92l-4zz18-mujrdnzwc200jp4
NA19258-GS000017263-ASM
su92l-4zz18-8lv5lq7zzbnx4cv
NA19314-GS000017175-ASM
su92l-4zz18-48ukbd3uffvkt0q
NA19397-GS000017176-ASM
su92l-4zz18-nri0j9pnui028jq
NA19398-GS000017243-ASM
su92l-4zz18-lvbu4m4junsbc58
NA19399-GS000017177-ASM
su92l-4zz18-r0gig9lxk101riu
NA19404-GS000017239-ASM
su92l-4zz18-h1owzfp9va0t1k2
NA19428-GS000017187-ASM
su92l-4zz18-flsei2s907470hr
NA19429-GS000017186-ASM
su92l-4zz18-dwuswijbpepfe8m
NA19434-GS000016668-ASM
su92l-4zz18-eeyag8ohk49qxet
NA19435-GS000016558-ASM
su92l-4zz18-qqh5uf3lezrysoq
NA19440-GS000016557-ASM
su92l-4zz18-sqfsyew12y9pru8
NA19443-GS000016556-ASM
su92l-4zz18-iqd14cet158168h
/data-sde/scripts/convert
