/data-sde/scripts/convert/stage.okg /data-sde/scripts/convert
HG00403-GS000016660-ASM
su92l-4zz18-m2loswrxoa6262x
HG00404-GS000016669-ASM
su92l-4zz18-dq3lhqw8k1p9681
HG00405-GS000016661-ASM
su92l-4zz18-rtogwt8pglvnge1
HG00406-GS000016662-ASM
su92l-4zz18-8bi892zynokb8ml
HG00407-GS000016663-ASM
su92l-4zz18-8bdh0tor4vfmlwo
HG00408-GS000016670-ASM
su92l-4zz18-s6kfltvib41lr9j
HG00421-GS000016832-ASM
su92l-4zz18-k3nx5xaodvze9n3
HG00422-GS000016833-ASM
su92l-4zz18-8iepa348n7likjg
HG00423-GS000016671-ASM
su92l-4zz18-8iyii7urnckt5o0
HG00436-GS000016683-ASM
su92l-4zz18-yh65kkzkgsrlaiy
HG00437-GS000016672-ASM
su92l-4zz18-d69gidkd7jsk4nc
HG00438-GS000016673-ASM
su92l-4zz18-h5z705nljb08ona
HG00442-GS000016869-ASM
su92l-4zz18-0riomo20rj8utzl
HG00443-GS000016674-ASM
su92l-4zz18-js4qmgposrohlgr
HG00444-GS000016675-ASM
su92l-4zz18-lu9e9cs91674bpa
HG00448-GS000016676-ASM
su92l-4zz18-1isui5y8la7n0wz
HG00449-GS000016677-ASM
su92l-4zz18-2mfqbrbjbqp8oya
HG00450-GS000016678-ASM
su92l-4zz18-7l0vw62q9q48fgp
HG00463-GS000016679-ASM
su92l-4zz18-wzk2dv4sndgztvz
HG00464-GS000016680-ASM
su92l-4zz18-k9sffpd41ms6zfc
HG00465-GS000016681-ASM
su92l-4zz18-6ajm4clda1nw7ju
HG00472-GS000016706-ASM
su92l-4zz18-w23t8fiv2wgqy8o
HG00473-GS000016707-ASM
su92l-4zz18-ny1d56v3vfzv4zo
HG00474-GS000016708-ASM
su92l-4zz18-fj02gmns2c1nzmj
HG00475-GS000016709-ASM
su92l-4zz18-2naaiellsqb8c1e
HG00476-GS000016710-ASM
su92l-4zz18-s7midn0k8c8udd6
HG00477-GS000016711-ASM
su92l-4zz18-8zctc1d47luptys
HG00478-GS000016712-ASM
su92l-4zz18-i86hdsg0s0aavtk
HG00479-GS000016713-ASM
su92l-4zz18-f2gl38llvgvhuc6
HG00480-GS000016714-ASM
su92l-4zz18-o55monp0obyoys7
HG00530-GS000016715-ASM
su92l-4zz18-q51yo109zy1xopu
HG00531-GS000016849-ASM
su92l-4zz18-wsmo1wxftadjzvt
HG00532-GS000016716-ASM
su92l-4zz18-m99vagvjuzvabua
HG00533-GS000016717-ASM
su92l-4zz18-hf24uacqhsch8d3
HG00534-GS000016718-ASM
su92l-4zz18-kylo3vri38enqq3
HG00535-GS000016719-ASM
su92l-4zz18-uxny10lksom76v9
HG00536-GS000017031-ASM
su92l-4zz18-ytj96dazzohy3ih
HG00537-GS000016720-ASM
su92l-4zz18-lj2z7cg092fql14
HG00538-GS000016721-ASM
su92l-4zz18-4psknhuia9zqgm0
HG00542-GS000016722-ASM
su92l-4zz18-he78k2iwce21mqx
HG00543-GS000016723-ASM
su92l-4zz18-85268visi18o7xh
HG00544-GS000016724-ASM
su92l-4zz18-ixy624n5veeheip
HG00556-GS000016725-ASM
su92l-4zz18-oapwcwm47o40wam
HG00557-GS000016845-ASM
su92l-4zz18-jzu57pdcmmdjfjh
HG00558-GS000016834-ASM
su92l-4zz18-zwiaw9i29gyw1j2
HG00559-GS000016835-ASM
su92l-4zz18-1ryez6273kbguvm
HG00560-GS000016830-ASM
su92l-4zz18-rsnafo0rjskgxp2
HG00561-GS000016836-ASM
su92l-4zz18-6buzdpbwa3lcn9m
HG00589-GS000016837-ASM
su92l-4zz18-zfei10bmfr7xlwo
HG00590-GS000016838-ASM
su92l-4zz18-dr9nfxa3zfxjan9
HG00591-GS000016839-ASM
su92l-4zz18-wuodvq4zxhqubqe
HG00592-GS000016840-ASM
su92l-4zz18-3aiibiezs3yhhoq
HG00593-GS000016841-ASM
su92l-4zz18-1oqhjeepqcdxjad
HG00594-GS000016842-ASM
su92l-4zz18-i7yph1mr6g6uq6m
HG00607-GS000016843-ASM
su92l-4zz18-mjnvueoam39p0oo
HG00608-GS000016831-ASM
su92l-4zz18-m7x4rzl9bxuaaeg
HG00609-GS000016844-ASM
su92l-4zz18-a4kp8vk2msnaq7z
HG00610-GS000016850-ASM
su92l-4zz18-zq2516e89n03ple
HG00611-GS000016851-ASM
su92l-4zz18-0h8gcgv8mdxxgc9
HG00612-GS000016852-ASM
su92l-4zz18-4d4b29zv19o36mn
HG00613-GS000016853-ASM
su92l-4zz18-y2wn93ix7jazu1y
HG00614-GS000016854-ASM
su92l-4zz18-yu3idvdcpb4jpj0
HG00615-GS000016855-ASM
su92l-4zz18-qeyqnr9g2yryrlc
HG00619-GS000016979-ASM
su92l-4zz18-uxm15eolgq0yugh
HG00620-GS000017245-ASM
su92l-4zz18-oubx7ruq77kilg6
HG00621-GS000017116-ASM
su92l-4zz18-fgkukeq89c1ntca
HG00625-GS000017120-ASM
su92l-4zz18-s9pz3fp90jkjfmi
HG00626-GS000017125-ASM
su92l-4zz18-ke95yjsupc9asd7
HG00627-GS000016860-ASM
su92l-4zz18-xu85vqzysapucet
HG00628-GS000016861-ASM
su92l-4zz18-rslia0gafimagws
HG00629-GS000016862-ASM
su92l-4zz18-446jy2j4gmf4rot
HG00630-GS000016863-ASM
su92l-4zz18-cwibmkuovcriuks
HG00650-GS000016864-ASM
su92l-4zz18-muh5t5kx897u1c7
HG00651-GS000016865-ASM
su92l-4zz18-trwr19kbbqypj8o
HG00652-GS000017129-ASM
su92l-4zz18-ycnfq68fa22qnws
HG00653-GS000016867-ASM
su92l-4zz18-wxhlcnrtoyhlfst
HG00654-GS000016868-ASM
su92l-4zz18-oq0cywpclg2u4oj
HG00655-GS000016980-ASM
su92l-4zz18-ojtwa9pmzrwfhrk
HG00662-GS000016981-ASM
su92l-4zz18-te78v6dnhghcyhd
HG00663-GS000016983-ASM
su92l-4zz18-1xfe1ag3g0thkoj
HG00664-GS000016984-ASM
su92l-4zz18-stljreenumcs941
HG00671-GS000019202-ASM
su92l-4zz18-tvsviqeselwjscs
HG00672-GS000016985-ASM
su92l-4zz18-unhg9ieu9tpe7c4
HG00673-GS000016986-ASM
su92l-4zz18-l8layxr9ar7308z
HG00683-GS000016987-ASM
su92l-4zz18-1bnyagq0n54ncod
HG00684-GS000016988-ASM
su92l-4zz18-zn1a70ibnlfm60l
HG00685-GS000016978-ASM
su92l-4zz18-6lhazo03wouhfrl
HG00689-GS000016977-ASM
su92l-4zz18-f7anfk2jfpn4bs0
HG00690-GS000016994-ASM
su92l-4zz18-f03zp04kqwybbvv
HG00691-GS000016989-ASM
su92l-4zz18-tvjnm22eqi6zpuq
HG00692-GS000016991-ASM
su92l-4zz18-h9d1xp3o5eoon30
HG00693-GS000016992-ASM
su92l-4zz18-a470468yw5h01np
HG00694-GS000016993-ASM
su92l-4zz18-glenz2hzpktpc1k
HG00731-GS000012103-ASM
su92l-4zz18-93xup87z5b8m67m
HG00731-GS000016547-ASM
su92l-4zz18-30pfi340q2w2elw
HG00732-GS000012104-ASM
su92l-4zz18-ux4igno1sagpjup
HG00732-GS000017235-ASM
su92l-4zz18-jv4v91gnynw427b
HG00733-GS000012105-ASM
su92l-4zz18-6cz7as4d0mi7r9z
HG00733-GS000016548-ASM
su92l-4zz18-pumyne50nq2thqg
HG01565-GS000016975-ASM
su92l-4zz18-2tfr6y6fzy77ajk
HG01566-GS000016976-ASM
su92l-4zz18-x7266ppbfhc0l16
HG01567-GS000012114-ASM
su92l-4zz18-9r84nas55gpwrhe
HG01571-GS000013212-ASM
su92l-4zz18-bkwvdvby1k0b5fc
HG01572-GS000013211-ASM
su92l-4zz18-sknlhp6jti8hrl6
HG01573-GS000012117-ASM
su92l-4zz18-48fewiijg36kd7r
HG01577-GS000012118-ASM
su92l-4zz18-6ojs8qlkcerhqbw
HG01578-GS000012119-ASM
su92l-4zz18-2zygj3yqvd7hvux
HG01579-GS000012120-ASM
su92l-4zz18-midv8hk06gfltdd
HG01892-GS000012121-ASM
su92l-4zz18-r9pc7re5n1h3z4f
HG01893-GS000012579-ASM
su92l-4zz18-y4hfdcofi2xsybp
HG01898-GS000013210-ASM
su92l-4zz18-2vvik5ze4q5q700
HG01917-GS000012124-ASM
su92l-4zz18-ekxp8xare0mh26z
HG01918-GS000013461-ASM
su92l-4zz18-fpevrb3ectgi3au
HG01919-GS000013410-ASM
su92l-4zz18-drvf49wmvb5158o
HG01920-GS000013208-ASM
su92l-4zz18-43pxt50zl7gcp23
HG01921-GS000012128-ASM
su92l-4zz18-xsyomzgzxwwuss9
HG01923-GS000013459-ASM
su92l-4zz18-tcxcc8e781htla5
HG01924-GS000013460-ASM
su92l-4zz18-4unsk8yc29cyki9
HG01925-GS000013413-ASM
su92l-4zz18-rkph682xv6ajczw
HG01926-GS000013203-ASM
su92l-4zz18-x2opejwlrwgqj2r
HG01927-GS000013202-ASM
su92l-4zz18-vo381zcos3gepf5
HG01928-GS000013201-ASM
su92l-4zz18-drdyzetjb5thpkx
HG01932-GS000012136-ASM
su92l-4zz18-mnnwunea81dz92k
HG01933-GS000012137-ASM
su92l-4zz18-6q6osf558jthi0b
HG01934-GS000012138-ASM
su92l-4zz18-i0csliii7fs6377
HG01935-GS000012139-ASM
su92l-4zz18-jkse7dpamhtspvm
HG01936-GS000013433-ASM
su92l-4zz18-xyv82bqt8j8ssjx
HG01937-GS000013199-ASM
su92l-4zz18-ksdc7yyraotf75k
HG01938-GS000013425-ASM
su92l-4zz18-ph3tfn78vhjyswu
HG01939-GS000013197-ASM
su92l-4zz18-hqit09cji5u9msq
HG01940-GS000012144-ASM
su92l-4zz18-3zv5ioizzvb7xze
HG01941-GS000012145-ASM
su92l-4zz18-qlegsifbf3383ld
HG01942-GS000012146-ASM
su92l-4zz18-1r3qoiu8feanc60
HG01943-GS000012147-ASM
su92l-4zz18-ww7xhip2vzcremt
HG01944-GS000012148-ASM
su92l-4zz18-adln2ot7z32t7vg
HG01945-GS000012149-ASM
su92l-4zz18-qfiu9azwa6zp1sy
HG01946-GS000016667-ASM
su92l-4zz18-ywa4k4lthhcag5t
HG01950-GS000012150-ASM
su92l-4zz18-kwfaniyhaghvy8i
HG01951-GS000012151-ASM
su92l-4zz18-ejfx06ga39x9kpv
HG01952-GS000013196-ASM
su92l-4zz18-q5dzlibazmqi980
HG01953-GS000013195-ASM
su92l-4zz18-869jy0a9w394xwk
HG01954-GS000013458-ASM
su92l-4zz18-0nop3ynj4kkmkza
HG01955-GS000013457-ASM
su92l-4zz18-lrv6gyn5m9aq4kt
HG01967-GS000013456-ASM
su92l-4zz18-c1jchauvx1btpqc
HG01968-GS000017246-ASM
su92l-4zz18-s5h1pmhiqm9s6tu
HG01969-GS000016666-ASM
su92l-4zz18-4djjsvwfadw3xrt
HG01970-GS000016665-ASM
su92l-4zz18-sks74dmoe4x7v9x
HG01971-GS000017156-ASM
su92l-4zz18-6gllyv079zuy3h6
HG01972-GS000017132-ASM
su92l-4zz18-34tjum7wvn51pam
HG01973-GS000017130-ASM
su92l-4zz18-uuw0t2pa2nu9e7s
HG01974-GS000017158-ASM
su92l-4zz18-wqp5lv11fxwpiey
HG01975-GS000017271-ASM
su92l-4zz18-jkzf1r6tpemoncw
HG01976-GS000017160-ASM
su92l-4zz18-zmyswrguvvruwxt
HG01977-GS000016364-ASM
su92l-4zz18-x1tob8oexv1h1e4
HG01978-GS000017124-ASM
su92l-4zz18-yeqx0gc3gkdm0ax
HG01979-GS000017123-ASM
su92l-4zz18-bcjxbc3hzox1maf
HG01980-GS000017122-ASM
su92l-4zz18-w3yzzuswq3g8ted
HG01981-GS000017103-ASM
su92l-4zz18-3ptymrsxetp0zaw
HG01991-GS000017121-ASM
su92l-4zz18-ao8a8ycod8b29ms
HG01992-GS000017118-ASM
su92l-4zz18-8k0y40kzim6vhpj
HG01993-GS000017104-ASM
su92l-4zz18-yo31lmzoichc6d3
HG01997-GS000017117-ASM
su92l-4zz18-j9q8u24dkry0m5a
HG01998-GS000017115-ASM
su92l-4zz18-fpxt3lbe4slqlz6
HG02003-GS000017113-ASM
su92l-4zz18-81gce87gt1gqf4d
HG02004-GS000017112-ASM
su92l-4zz18-uh2esgnbp4v2r0e
HG02008-GS000017110-ASM
su92l-4zz18-6jwt4f1qfq1z9pd
HG02024-GS000012106-ASM
su92l-4zz18-gyl51eja3ipc1e1
HG02024-GS000017236-ASM
su92l-4zz18-5nrp4nt6qqofwec
HG02025-GS000012107-ASM
su92l-4zz18-ugedo86iykmqd88
HG02025-GS000017183-ASM
su92l-4zz18-52mve8bq7cl47p8
HG02026-GS000017184-ASM
su92l-4zz18-q7ipd4i5z1kmodf
HG02026-GS000017897-ASM
su92l-4zz18-18r9epi04r2uznb
HG02089-GS000017109-ASM
su92l-4zz18-7d5fhx590t6msu0
HG02090-GS000017107-ASM
su92l-4zz18-dmzjcjtmk1lhhek
HG02091-GS000016958-ASM
su92l-4zz18-afl6gbazde8t1v6
HG02104-GS000016344-ASM
su92l-4zz18-jd1oed828mudm4l
HG02105-GS000016959-ASM
su92l-4zz18-yefz7boi8lmu7za
HG02106-GS000016960-ASM
su92l-4zz18-okxtyo166wbu65e
HG02146-GS000016342-ASM
su92l-4zz18-z3oovnguxuldtzs
HG02147-GS000016341-ASM
su92l-4zz18-qk0iby97x8jn7v5
HG02148-GS000016961-ASM
su92l-4zz18-4eb6h6qz8lv37ft
HG02259-GS000016052-ASM
su92l-4zz18-m87l4pciqw5rnhg
HG02260-GS000016826-ASM
su92l-4zz18-t8nfhbc13q0j7cs
HG02261-GS000016827-ASM
su92l-4zz18-spv0z0u2mh7159s
HG02271-GS000017178-ASM
su92l-4zz18-ooav3vzhcbmgv11
HG02272-GS000017901-ASM
su92l-4zz18-c6g41n5xuvl79vp
HG02273-GS000017721-ASM
su92l-4zz18-vq3b3uscui1cmaz
HG02277-GS000016049-ASM
su92l-4zz18-daxpbaxa84m1c0d
HG02278-GS000017134-ASM
su92l-4zz18-nxsi4acxf2dn7n0
HG02279-GS000017135-ASM
su92l-4zz18-g1s4akyr1sgqrwf
HG02285-GS000016420-ASM
su92l-4zz18-34wmfq6wt5d1pbd
HG02286-GS000016419-ASM
su92l-4zz18-tffddw88d1q2p71
HG02287-GS000017903-ASM
su92l-4zz18-y0ggjuse1rtmrlj
HG02291-GS000017105-ASM
su92l-4zz18-gkc98jn3hh3r7ql
HG02292-GS000013194-ASM
su92l-4zz18-44gyoyq4cxw0nh4
HG02293-GS000013193-ASM
su92l-4zz18-h7naxs5ol0xo62s
HG02301-GS000017904-ASM
su92l-4zz18-9zynof77shwk9f2
HG02302-GS000016554-ASM
su92l-4zz18-ehb2fo95tg1hdae
HG02303-GS000016553-ASM
su92l-4zz18-fcjl9v1n1of0git
HG02490-GS000013415-ASM
su92l-4zz18-21420g7nkges4gn
HG02491-GS000013191-ASM
su92l-4zz18-ycz9axzhsjzk0r4
HG02492-GS000013190-ASM
su92l-4zz18-bj62pkkk2j4zwhd
HG02600-GS000016696-ASM
su92l-4zz18-uzwpae5qlylm42b
HG02601-GS000016693-ASM
su92l-4zz18-y1n94obq0znx0l6
HG02602-GS000016692-ASM
su92l-4zz18-cakl8g6wgwn2ocp
HG02603-GS000016691-ASM
su92l-4zz18-dxm3tvfn4xeabbb
HG02604-GS000016690-ASM
su92l-4zz18-qewbdyspa46hn39
HG02605-GS000016689-ASM
su92l-4zz18-bgo2amdyaj1nj0h
HG02654-GS000016688-ASM
su92l-4zz18-k5uzh2e2ip4vvnt
HG02655-GS000016687-ASM
su92l-4zz18-a81ep46m631lksp
HG02656-GS000016686-ASM
su92l-4zz18-d938a6vr190stnh
HG02657-GS000016544-ASM
su92l-4zz18-gm6pn2asvrccm1i
HG02658-GS000017179-ASM
su92l-4zz18-vzhhaynf35h005l
HG02659-GS000017180-ASM
su92l-4zz18-4up9z9ubv1gqdl3
HG02660-GS000017181-ASM
su92l-4zz18-jotsqz7imlnmfol
HG02661-GS000017902-ASM
su92l-4zz18-v23ij6uydo47zjl
HG02662-GS000017126-ASM
su92l-4zz18-3p0lhj40a4jgqco
HG02684-GS000017127-ASM
su92l-4zz18-dnb0gqttflb1ufs
HG02685-GS000017225-ASM
su92l-4zz18-iposi3501cxhen6
HG02686-GS000016439-ASM
su92l-4zz18-hxngr0yhbxgog6d
HG02687-GS000016685-ASM
su92l-4zz18-1yg0u71eu70ffw7
HG02688-GS000017228-ASM
su92l-4zz18-zv5wopyluary4y6
HG02689-GS000017128-ASM
su92l-4zz18-v1onm2xqycyfgn0
HG02696-GS000016436-ASM
su92l-4zz18-ett35dkmw58y5yc
HG02697-GS000017229-ASM
su92l-4zz18-qppdlkkcdz7vg1p
HG02698-GS000017230-ASM
su92l-4zz18-n3gciu1aazd1dyg
HG02724-GS000016990-ASM
su92l-4zz18-071ypjfdq6qmmi8
HG02725-GS000016997-ASM
su92l-4zz18-pffj7746ipdhon7
HG02726-GS000016996-ASM
su92l-4zz18-c66ptswsvk4rwe0
HG02727-GS000016995-ASM
su92l-4zz18-f951m8bi7kcuv8z
HG02728-GS000017019-ASM
su92l-4zz18-20fnhbde92xbv4z
HG02729-GS000017017-ASM
su92l-4zz18-0rvqx9n232uoqnj
HG02733-GS000017232-ASM
su92l-4zz18-mzk0r9w60hv4brk
HG02734-GS000017233-ASM
su92l-4zz18-dozwrlmwy1bjkun
HG02735-GS000016431-ASM
su92l-4zz18-tinby757buhoxdz
HG02783-GS000017016-ASM
su92l-4zz18-0gwj23s6hx5oc7e
HG02784-GS000017015-ASM
su92l-4zz18-debelfs3hx5ftmi
HG02785-GS000017012-ASM
su92l-4zz18-bj76wvoo98j3mjl
HG02786-GS000017013-ASM
su92l-4zz18-z3x6zq53bovuwrx
HG02787-GS000017021-ASM
su92l-4zz18-28ow31wba9i1jxp
HG02789-GS000017011-ASM
su92l-4zz18-4n95cffz0k3s94q
HG02790-GS000017018-ASM
su92l-4zz18-qm4rmgtple3mu8n
HG02791-GS000017014-ASM
su92l-4zz18-u3a46zhh3o1syit
HG03237-GS000017140-ASM
su92l-4zz18-897okhzvkbrv0va
HG03238-GS000017139-ASM
su92l-4zz18-c5leujaobkqk409
HG03239-GS000017138-ASM
su92l-4zz18-yv54l8vo90qulb0
/data-sde/scripts/convert
