/data-sde/scripts/convert/stage /data-sde/scripts/convert
hu011C57-GS01669-DNA_B05
su92l-4zz18-rodo2ddqvq2xavj
hu016B28-GS01669-DNA_H03
su92l-4zz18-vun1olpvwyhw6mv
hu01F73B-GS03133-DNA_A02
su92l-4zz18-aui9pshwoyiqfum
hu0211D6-GS01175-DNA_E02
su92l-4zz18-gf3eptq56eze3ct
hu025CEA-GS01669-DNA_D02
su92l-4zz18-sizk8v27ifhog9m
hu032C04-GS01669-DNA_A10
su92l-4zz18-yywwt7b3m30huu6
hu034DB1-GS00253-DNA_A02
su92l-4zz18-netki5qmxnph5jd
hu034DB1-GS01669-DNA_A03
su92l-4zz18-c2jn6ext63eei5z
hu03E3D2-GS03132-DNA_D01
su92l-4zz18-3i5fwxtumioqewb
hu040C0A-GS01175-DNA_F05
su92l-4zz18-pbc6ry7w1cfkb3q
hu0486D6-GS03132-DNA_C01
su92l-4zz18-xop4i5kmfxayytc
hu04DF3C-GS01670-DNA_A02
su92l-4zz18-oes38rfb8uvq7ew
hu04F220-GS01670-DNA_A01
su92l-4zz18-kosbfhg7b1tgrea
hu04FD18-GS00253-DNA_F01
su92l-4zz18-onmwifxnxdsqjjd
hu050E9C-GS01173-DNA_G06
su92l-4zz18-pw9p3tx2q8e78e5
hu05FD49-GS01175-DNA_D04
su92l-4zz18-pyztloriefumcw7
hu085B6D-GS03132-DNA_A01
su92l-4zz18-9ruxea74vlgudrd
hu089792-GS02269-DNA_B02
su92l-4zz18-guwk26n2uymnqwc
hu0A4518-GS01670-DNA_F01
su92l-4zz18-ebrnc8egyg40ce1
hu0CF2EE-GS01175-DNA_F06
su92l-4zz18-c1rjnegnfepk9xb
hu0D1FA1-GS01669-DNA_G09
su92l-4zz18-uzos6d10cm0i159
hu0D879F-GS00253-DNA_G01
su92l-4zz18-43v326m2sgbnvhj
hu0D879F-GS01669-DNA_A08
su92l-4zz18-jcr5rtayi6uw4vs
hu0E64A1-GS01173-DNA_B02
su92l-4zz18-mkir0xq619delzt
hu0E7AAF-GS03023-DNA_A01
su92l-4zz18-4ol36510m3cj1ae
hu1187FF-GS02269-DNA_A04
su92l-4zz18-nj8ap94k3glk9t0
hu132B5C-GS01670-DNA_E01
su92l-4zz18-3hyl847k0wqm9on
hu1378E3-GS01669-DNA_C03
su92l-4zz18-tvkol5mu1a1g13m
hu15FECA-GS01175-DNA_F03
su92l-4zz18-8j1t0ke1db15l83
hu1904EC-GS01175-DNA_E06
su92l-4zz18-zp4aijwcmz5qy4n
hu19C09F-GS01669-DNA_F05
su92l-4zz18-pv3v916bsblhw05
hu1E868D-GS03166-DNA_C02
su92l-4zz18-yrvga0k5mczvhwx
hu1F73AB-GS01669-DNA_B07
su92l-4zz18-3mmaezg14lojh5e
hu241DEA-GS01175-DNA_D05
su92l-4zz18-8jz370r8m4kggyk
hu24A473-GS03132-DNA_F01
su92l-4zz18-xt7dpsy2vxf8qci
hu24C863-GS01670-DNA_B02
su92l-4zz18-pj3udw5h47s9hqo
hu259AC7-GS01175-DNA_A05
su92l-4zz18-a0yqczz7ozdfyh3
hu26B551-GS01175-DNA_F04
su92l-4zz18-i9nfmppkglwm7u0
hu27FD1F-GS02269-DNA_B04
su92l-4zz18-2uehrml7y1004dn
hu2843C9-GS01669-DNA_D05
su92l-4zz18-wfxqn5wtwcirvpj
hu297562-GS01669-DNA_H01
su92l-4zz18-nkvtfrpzy1lpcqh
hu2C1D94-GS01175-DNA_H02
su92l-4zz18-qfo29ggqe93zv8w
hu2D6140-GS01173-DNA_F06
su92l-4zz18-of9tp8n8tgrrfdo
hu2DBF2D-GS01173-DNA_G02
su92l-4zz18-c1a1am7rc23kfu1
hu2FEC01-GS01175-DNA_E03
su92l-4zz18-z7jnijt453rqwpt
hu3073E3-GS01239-DNA_D02
su92l-4zz18-38hxgy8b1gm2u83
hu33E2D9-GS01669-DNA_G10
su92l-4zz18-bmxxtms79fhjqaf
hu342A08-GS01175-DNA_B05
su92l-4zz18-n55w7v4u9t6jhdn
hu34D5B9-GS01173-DNA_C07
su92l-4zz18-q6a2c0dmdcstyhj
hu34D5B9-GS01670-DNA_E02
su92l-4zz18-wq62prwah475ufd
hu38168C-GS01173-DNA_H06
su92l-4zz18-hnhzyughe4wvqjc
hu3A1B15-GS02269-DNA_C01
su92l-4zz18-pc6pn6k1plgo2ce
hu3A8D13-GS01669-DNA_E11
su92l-4zz18-d87bz2v650507ei
hu3C0611-GS01669-DNA_E08
su92l-4zz18-cf33je0yowznw0p
hu3CAB43-GS01175-DNA_D03
su92l-4zz18-zplfdn6xw9x0j71
hu3DC5EA-GS03184-DNA_F01
su92l-4zz18-2qbob2luvpdb1fz
hu3F864B-GS01669-DNA_F08
su92l-4zz18-a8k5717n4xwunwc
hu4040B8-GS01175-DNA_D01
su92l-4zz18-n6d3w6wbiuvr0yb
hu42B622-GS03387-DNA_A03
su92l-4zz18-c5v6mq6lbq1z5v5
hu42D651-GS01669-DNA_G03
su92l-4zz18-7agbyfzv8cr2y2l
hu432EB5-GS01670-DNA_F02
su92l-4zz18-mo94vsfftlo9fno
hu4339C0-GS01175-DNA_H01
su92l-4zz18-k6hq1dqy6jmqghe
hu43860C-GS00253-DNA_A01
su92l-4zz18-qep37c0h4wa674r
hu448C4B-GS01669-DNA_E07
su92l-4zz18-pv0n5p0qrnruq2q
hu44DCFF-GS01669-DNA_C07
su92l-4zz18-fhjdmtoh2q0qd54
hu470099-GS01175-DNA_G06
su92l-4zz18-y3zpxm4wgbd1654
hu474789-GS02269-DNA_G04
su92l-4zz18-ejfzo9n5zpuxym8
hu48C4EB-GS01239-DNA_D01
su92l-4zz18-na5r7mcswg46ads
hu49F623-GS02269-DNA_F01
su92l-4zz18-7jcmxjj37lufei4
hu4B0812-GS01669-DNA_A11
su92l-4zz18-87plo7tji0ug1tm
hu4BE6F2-GS01669-DNA_A06
su92l-4zz18-vf5130hj064tsud
hu4BF398-GS01175-DNA_A06
su92l-4zz18-glzaie9anjvf4g1
hu4CA5B9-GS01669-DNA_B03
su92l-4zz18-82oa8al97hjyr01
hu4FE0D1-GS01669-DNA_G04
su92l-4zz18-6ko3vdwdtcxwem2
hu52B7E5-GS01669-DNA_H04
su92l-4zz18-5c63ficddwyxrso
hu52F345-GS01669-DNA_G07
su92l-4zz18-i76uqjw29nz5b8s
hu553620-GS01669-DNA_B08
su92l-4zz18-ywaryf9v787rjb7
hu566AA7-GS03274-DNA_H01
su92l-4zz18-ml8x8qe5d2a5e0h
hu57A769-GS01669-DNA_C08
su92l-4zz18-7yompbr42m4ah7r
hu589D0B-GS01669-DNA_H11
su92l-4zz18-c6iaj6u7fax6xf7
hu5962F5-GS03166-DNA_C01
su92l-4zz18-ozv2mjkjmj9um4s
hu599905-GS01670-DNA_H01
su92l-4zz18-60c6z4w8t7zvsos
hu5B8771-GS02269-DNA_B01
su92l-4zz18-ut84smgj2c6p4ct
hu5CD2C6-GS01669-DNA_F04
su92l-4zz18-5rfp53uixi36a76
hu5E55F5-GS02269-DNA_B03
su92l-4zz18-p0p4p09vuwuajus
hu5FA322-GS01669-DNA_E06
su92l-4zz18-utna5fie2thxqng
hu5FB1B9-GS01669-DNA_C06
su92l-4zz18-yc37mdmw3c1jc8t
hu5FCE15-GS01195-DNA_B01
su92l-4zz18-gzhx5puj2jz7ytd
hu60180F-GS01175-DNA_B06
su92l-4zz18-k3l06nbjiw66msf
hu602487-GS02269-DNA_F02
su92l-4zz18-jmcuqqtbpyejx7k
hu604D39-GS00253-DNA_B02
su92l-4zz18-pgw9cg8kclzme3u
hu60AB7C-GS01670-DNA_D01
su92l-4zz18-xp7x4aft3gb81q1
hu619F51-GS01669-DNA_B02
su92l-4zz18-pbsap74mwmf5i10
hu620F18-GS02269-DNA_E02
su92l-4zz18-fnm1emhgfy6ynfs
hu627574-GS01669-DNA_E01
su92l-4zz18-jhrrxidbnq24jg9
hu63EB0A-GS01175-DNA_C05
su92l-4zz18-iqv3obubcm3icsb
hu64DBF7-GS01669-DNA_D03
su92l-4zz18-b8frhbxaw2j22iz
hu661AD0-GS01670-DNA_C02
su92l-4zz18-6esn85nx058j6tl
hu67EBB3-GS01669-DNA_G06
su92l-4zz18-hyj3qk3aiumpr15
hu687B6B-GS01669-DNA_H07
su92l-4zz18-srh2asaybkdnaw3
hu68929D-GS01669-DNA_F11
su92l-4zz18-f6kaq9kt65mxg02
hu6A01AF-GS03132-DNA_G01
su92l-4zz18-qkq5sowfxafpju7
hu6C733E-GS01669-DNA_E05
su92l-4zz18-eupzolrvg0rdr4e
hu6E4515-GS01173-DNA_D07
su92l-4zz18-y0h47p2humau5aq
hu6EDC7E-GS02995-DNA_F02
su92l-4zz18-lijuqmi6og1fbr5
hu704A85-GS01239-DNA_E01
su92l-4zz18-3gtbnokawkjwugp
hu7123C1-GS01669-DNA_D07
su92l-4zz18-pcbxtg9p9z4qa0w
hu71E59D-GS01239-DNA_F01
su92l-4zz18-x4bsyi1pjh6vezo
hu72A81D-GS01173-DNA_C02
su92l-4zz18-8sjxqszf6zxofuo
hu72C17A-GS01669-DNA_F07
su92l-4zz18-k3914c2uwvohsqv
hu7379BC-GS03052-DNA_E01
su92l-4zz18-9f8hly4kb9m06la
hu76CAA5-GS02269-DNA_G03
su92l-4zz18-3uq3k11jvo3y4y1
hu775356-GS01175-DNA_A07
su92l-4zz18-5d4z17uxg5nv7fh
hu7852C5-GS01175-DNA_H05
su92l-4zz18-l8tdeoyqpfn0i4x
hu79F922-GS01669-DNA_D06
su92l-4zz18-9wijvsgu7v5cj4n
hu7A2F1D-GS01669-DNA_C01
su92l-4zz18-cd5rgc7zsab7ev6
hu7A4AD1-GS01669-DNA_C05
su92l-4zz18-7g2y2b7n398tos8
hu7B594C-GS01669-DNA_G05
su92l-4zz18-c1gfb6nyzpcn8vi
hu7C3A81-GS03052-DNA_F01
su92l-4zz18-vp62bm5lsteb2iz
hu7DCBF9-GS01175-DNA_A03
su92l-4zz18-ugx79o1bkm0dga2
hu8073B9-GS01239-DNA_G01
su92l-4zz18-djdocejxxw1hpwa
hu80AD0F-GS03166-DNA_B03
su92l-4zz18-sg7oj6jwktud4lw
hu8229AE-GS01173-DNA_A07
su92l-4zz18-m6ykhjcpgqwxtpb
hu82436A-GS02269-DNA_F03
su92l-4zz18-fyxgkleof8nifvx
hu826751-GS03052-DNA_B01
su92l-4zz18-fqahvacntvuu73v
hu82E689-GS01669-DNA_A09
su92l-4zz18-cbs9dswtczaxb3k
hu83BC6A-GS03023-DNA_C01
su92l-4zz18-yxo6vnvtdx0nu8w
hu868880-GS02269-DNA_E01
su92l-4zz18-kapgi5rq5y42flv
hu88A079-GS01669-DNA_F03
su92l-4zz18-rcmyvh199b2m3pr
hu8A5FBF-GS03184-DNA_A02
su92l-4zz18-jdy13yl9a0ypbz9
hu8E2A35-GS01669-DNA_G11
su92l-4zz18-rwfbr02fzf4shep
hu8E87A9-GS01669-DNA_B09
su92l-4zz18-j58oxtoac5qm7k5
hu8F918A-GS01670-DNA_B01
su92l-4zz18-i79xg28yecior7c
hu90B053-GS01670-DNA_D02
su92l-4zz18-fbvp067y8qayavb
hu925B56-GS03274-DNA_B01
su92l-4zz18-sibwyshwsonub13
hu92C40A-GS01175-DNA_G03
su92l-4zz18-7u6bap65ob485xw
hu92FD55-GS01669-DNA_A04
su92l-4zz18-hrie8b0cqo4k7jg
hu9385BA-GS00253-DNA_E01
su92l-4zz18-6d6i64ob6y92g4v
hu939B7C-GS01670-DNA_C01
su92l-4zz18-04kvlgr80ynxqvo
hu955EE1-GS01173-DNA_G01
su92l-4zz18-ovylmou4k6eojy5
hu9E6329-GS03052-DNA_A01
su92l-4zz18-j322wriyf9nqg89
huA02824-GS02269-DNA_G01
su92l-4zz18-fzp4e1jtipd4tu2
huA05317-GS01669-DNA_E10
su92l-4zz18-s0ipaew14ogqaaz
huA0E089-GS01175-DNA_B04
su92l-4zz18-gkb2lpndviua7x7
huA3A02C-GS03166-DNA_E02
su92l-4zz18-yk9d2mdeo9097zj
huA49E22-GS01669-DNA_E04
su92l-4zz18-fpfz3ddxypqf0h6
huA4E2CF-GS01173-DNA_D04
su92l-4zz18-kb9kxtbj8khnlrn
huA4F281-GS01669-DNA_H10
su92l-4zz18-3zmer3ruevgz4fm
huA5FD8B-GS02269-DNA_C02
su92l-4zz18-8z8c0423q98tak8
huAA245C-GS02269-DNA_D03
su92l-4zz18-dtavb6th7dwbct7
huAA53E0-GS02260-DNA_A01
su92l-4zz18-lvfc8al633q9dal
huAE4A11-GS01669-DNA_F02
su92l-4zz18-4gbe8rj7108k4f9
huAE6220-GS00253-DNA_H01
su92l-4zz18-kqe40of258rdju2
huAEADC0-GS01175-DNA_E05
su92l-4zz18-zhthp88v10n3kdj
huAEC1B0-GS01175-DNA_C04
su92l-4zz18-3gftku21udanmtv
huAFA81C-GS01669-DNA_E03
su92l-4zz18-19zt8w7zp2ytwsm
huB1488D-GS03052-DNA_H01
su92l-4zz18-6hgp4aq9rnhen04
huB1FD55-GS01173-DNA_B07
su92l-4zz18-83l8z8has19tevl
huB4883B-GS02269-DNA_H04
su92l-4zz18-m4jxm5lc1twvroy
huB4940E-GS01175-DNA_C02
su92l-4zz18-jx2m4xi1n3k7sg3
huB4D223-GS01669-DNA_H06
su92l-4zz18-gwx6eewiexb6wie
huB4F9B2-GS02269-DNA_A05
su92l-4zz18-vwmamjm3mhgtwl4
huBA30D4-GS01173-DNA_H05
su92l-4zz18-00l65q278blmww8
huBAAC98-GS01173-DNA_F02
su92l-4zz18-bjnfc3jccb5knxs
huBE0B25-GS01669-DNA_D01
su92l-4zz18-skqjtolk7z8jz0v
huBEDA0B-GS00253-DNA_C01
su92l-4zz18-3xw88mjvbqfd8y6
huBEDA0B-GS01669-DNA_E02
su92l-4zz18-qf9vaojnbfhc1hg
huC14AE1-GS01175-DNA_G05
su92l-4zz18-wqxvp0n5h659zf3
huC29627-GS01173-DNA_C06
su92l-4zz18-5oujuvw1odhz70b
huC30901-GS00253-DNA_B01
su92l-4zz18-vnbt9vuslmj5y0c
huC3160A-GS01669-DNA_G08
su92l-4zz18-mdhrtbbc4p2m7vb
huC434ED-GS01669-DNA_D08
su92l-4zz18-tvqcbcpf8uo0a56
huC5733C-GS01669-DNA_F06
su92l-4zz18-omjqnozhwwsa8uk
huC92BC9-GS01669-DNA_C11
su92l-4zz18-cam6gqvcjy70jg0
huC93106-GS01669-DNA_B11
su92l-4zz18-t5dp8vqk12lajhg
huCA017E-GS01175-DNA_B01
su92l-4zz18-zaoxw00vfbmunz6
huCA14D2-GS01669-DNA_A07
su92l-4zz18-jw2fk86qo83fvm3
huCBDC6D-GS03166-DNA_A03
su92l-4zz18-a34lo6ksvkol8w6
huCCAFD0-GS01669-DNA_B10
su92l-4zz18-7e4mg82e1u0use7
huCD380F-GS01175-DNA_H06
su92l-4zz18-z8imu9m7bfzslgp
huD09534-GS01669-DNA_F10
su92l-4zz18-0pmb3butvxfjum6
huD103CC-GS01669-DNA_C09
su92l-4zz18-le3nt64576w4cj0
huD10E53-GS01669-DNA_B04
su92l-4zz18-5lxazfbvicpa9ar
huD2B804-GS03132-DNA_B01
su92l-4zz18-dbzb3o9qblr96u6
huD37D14-GS01175-DNA_A04
su92l-4zz18-64t9zp07lnge5rh
huD3A569-GS02269-DNA_F04
su92l-4zz18-rvzrqief9aoz2cd
huD52556-GS01669-DNA_A02
su92l-4zz18-tiiah2kruuibec4
huD649F1-GS03133-DNA_D02
su92l-4zz18-jfj5zfgbfxdc01m
huD81F3D-GS01173-DNA_D06
su92l-4zz18-bincf00gtk4r2bg
huD9EE1E-GS01669-DNA_F09
su92l-4zz18-8jidvyaycg3afop
huDBD591-GS01175-DNA_A02
su92l-4zz18-jsqn2417v5406u1
huDBF9DD-GS01669-DNA_E09
su92l-4zz18-sg0j5cx4xslsxtr
huDE435D-GS01669-DNA_D11
su92l-4zz18-degv32swo0ehuge
huDF04CC-GS01175-DNA_B03
su92l-4zz18-ooljefsjxs3egh2
huE2E371-GS02269-DNA_H03
su92l-4zz18-fvhb2vcxtznb0qq
huE58004-GS01669-DNA_H02
su92l-4zz18-yd66l2sa78lxfis
huE80E3D-GS00253-DNA_D01
su92l-4zz18-vp8g3llkkiamenx
huE9B698-GS01669-DNA_H09
su92l-4zz18-ejwed8gv9miuql3
huEA4EE5-GS01669-DNA_G02
su92l-4zz18-dcynuja1cpeoe81
huEBD467-GS01670-DNA_G01
su92l-4zz18-71oyd4r9j7irk4x
huEC6EEC-GS01175-DNA_H04
su92l-4zz18-eprsplr8ko7b0tx
huED0F40-GS01669-DNA_H08
su92l-4zz18-zahg1ktkoe2zed6
huEDEA65-GS01669-DNA_F01
su92l-4zz18-m45wa7945duyvme
huEDF7DA-GS01669-DNA_C04
su92l-4zz18-hpe80lf4qjzeeh6
huF160AA-GS03166-DNA_G01
su92l-4zz18-9gfgfrq8vj615hn
huF1DC30-GS01669-DNA_G01
su92l-4zz18-mflpoh76ujcfwv8
huF2DA6F-GS02269-DNA_A01
su92l-4zz18-f3dozsaj83o72k5
huF5AD12-GS01175-DNA_D06
su92l-4zz18-716wcv5272hqmaj
huF5E0B6-GS01175-DNA_G04
su92l-4zz18-3sj07eh11149lba
huF80F84-GS01669-DNA_B01
su92l-4zz18-599vjhe9d7lmbq6
huF83462-GS03166-DNA_B02
su92l-4zz18-a2obv57zicbd288
huFA70A3-GS01670-DNA_G02
su92l-4zz18-qezlwt60pvw8kq7
huFAF983-GS01175-DNA_F02
su92l-4zz18-d7uz6z5m8iszadu
huFCC1C1-GS02269-DNA_A02
su92l-4zz18-becy9qyh1csp0uc
huFE71F3-GS01669-DNA_B06
su92l-4zz18-n9p3mw9qm0l1jwl
huFFAD87-GS01669-DNA_H05
su92l-4zz18-y1ikdutf0otxfj8
huFFB09D-GS01669-DNA_D04
su92l-4zz18-2okp0pl5yprhjus
/data-sde/scripts/convert
